<?xml version="1.0" encoding="UTF-8"?>
<testsuite name="com.eventflow.backend.service.AuthServiceTest" tests="5" skipped="0" failures="0" errors="0" timestamp="2026-05-15T22:21:17.826Z" hostname="DESKTOP-O923T9V" time="1.3">
  <properties/>
  <testcase name="login_UserNotFound_ThrowsException()" classname="com.eventflow.backend.service.AuthServiceTest" time="1.244"/>
  <testcase name="register_Success_ReturnsAuthResponse()" classname="com.eventflow.backend.service.AuthServiceTest" time="0.037"/>
  <testcase name="register_EmailAlreadyInUse_ThrowsException()" classname="com.eventflow.backend.service.AuthServiceTest" time="0.006"/>
  <testcase name="register_UsernameAlreadyTaken_ThrowsException()" classname="com.eventflow.backend.service.AuthServiceTest" time="0.003"/>
  <testcase name="login_Success_ReturnsAuthResponse()" classname="com.eventflow.backend.service.AuthServiceTest" time="0.004"/>
  <system-out><![CDATA[]]></system-out>
  <system-err><![CDATA[]]></system-err>
</testsuite>
