<?xml version="1.0" encoding="UTF-8"?>
<testsuite name="com.eventflow.backend.controller.EventControllerTest" tests="5" skipped="0" failures="0" errors="0" timestamp="2026-04-24T08:08:43.244Z" hostname="DESKTOP-O923T9V" time="0.056">
  <properties/>
  <testcase name="getAllEvents_Returns200WithList()" classname="com.eventflow.backend.controller.EventControllerTest" time="0.02"/>
  <testcase name="deleteEvent_Returns204()" classname="com.eventflow.backend.controller.EventControllerTest" time="0.005"/>
  <testcase name="getEventById_WhenExists_Returns200()" classname="com.eventflow.backend.controller.EventControllerTest" time="0.008"/>
  <testcase name="getEventById_WhenNotExists_Returns404()" classname="com.eventflow.backend.controller.EventControllerTest" time="0.005"/>
  <testcase name="createEvent_Returns200WithCreatedEvent()" classname="com.eventflow.backend.controller.EventControllerTest" time="0.014"/>
  <system-out><![CDATA[2026-04-24T10:08:42.986+02:00  INFO 15468 --- [    Test worker] t.c.s.AnnotationConfigContextLoaderUtils : Could not detect default configuration classes for test class [com.eventflow.backend.controller.EventControllerTest]: EventControllerTest does not declare any static, non-private, non-final, nested classes annotated with @Configuration.
2026-04-24T10:08:42.997+02:00  INFO 15468 --- [    Test worker] .b.t.c.SpringBootTestContextBootstrapper : Found @SpringBootConfiguration com.eventflow.backend.BackendApplication for test class com.eventflow.backend.controller.EventControllerTest

  .   ____          _            __ _ _
 /\\ / ___'_ __ _ _(_)_ __  __ _ \ \ \ \
( ( )\___ | '_ | '_| | '_ \/ _` | \ \ \ \
 \\/  ___)| |_)| | | | | || (_| |  ) ) ) )
  '  |____| .__|_| |_|_| |_\__, | / / / /
 =========|_|==============|___/=/_/_/_/

 :: Spring Boot ::               (v3.5.11)

2026-04-24T10:08:43.022+02:00  INFO 15468 --- [    Test worker] c.e.b.controller.EventControllerTest     : Starting EventControllerTest using Java 18.0.2 with PID 15468 (started by prosh in C:\Users\prosh\eventflow-eindhoven\backend)
2026-04-24T10:08:43.022+02:00  INFO 15468 --- [    Test worker] c.e.b.controller.EventControllerTest     : No active profile set, falling back to 1 default profile: "default"
2026-04-24T10:08:43.226+02:00  WARN 15468 --- [    Test worker] .s.s.UserDetailsServiceAutoConfiguration : 

Using generated security password: 9e7b548b-c465-4334-accd-239682ab0090

This generated password is for development use only. Your security configuration must be updated before running your application in production.

2026-04-24T10:08:43.226+02:00  INFO 15468 --- [    Test worker] r$InitializeUserDetailsManagerConfigurer : Global AuthenticationManager configured with UserDetailsService bean with name inMemoryUserDetailsManager
2026-04-24T10:08:43.235+02:00  INFO 15468 --- [    Test worker] o.s.b.t.m.w.SpringBootMockServletContext : Initializing Spring TestDispatcherServlet ''
2026-04-24T10:08:43.236+02:00  INFO 15468 --- [    Test worker] o.s.t.web.servlet.TestDispatcherServlet  : Initializing Servlet ''
2026-04-24T10:08:43.236+02:00  INFO 15468 --- [    Test worker] o.s.t.web.servlet.TestDispatcherServlet  : Completed initialization in 0 ms
2026-04-24T10:08:43.242+02:00  INFO 15468 --- [    Test worker] c.e.b.controller.EventControllerTest     : Started EventControllerTest in 0.243 seconds (process running for 3.171)
]]></system-out>
  <system-err><![CDATA[]]></system-err>
</testsuite>
