<?xml version="1.0" encoding="UTF-8"?>
<testsuite name="com.eventflow.backend.security.JwtAuthFilterTest" tests="4" skipped="0" failures="0" errors="0" timestamp="2026-05-15T22:55:32.475Z" hostname="DESKTOP-O923T9V" time="1.377">
  <properties/>
  <testcase name="doFilterInternal_WithInvalidHeader_ContinuesChain()" classname="com.eventflow.backend.security.JwtAuthFilterTest" time="1.34"/>
  <testcase name="doFilterInternal_WithValidToken_SetsAuthentication()" classname="com.eventflow.backend.security.JwtAuthFilterTest" time="0.024"/>
  <testcase name="doFilterInternal_WithNoAuthHeader_ContinuesChain()" classname="com.eventflow.backend.security.JwtAuthFilterTest" time="0.004"/>
  <testcase name="doFilterInternal_WithInvalidToken_DoesNotSetAuthentication()" classname="com.eventflow.backend.security.JwtAuthFilterTest" time="0.004"/>
  <system-out><![CDATA[]]></system-out>
  <system-err><![CDATA[]]></system-err>
</testsuite>
