<?xml version="1.0" encoding="UTF-8"?>
<testsuite name="com.eventflow.backend.service.UserServiceTest" tests="4" skipped="0" failures="0" errors="0" timestamp="2026-03-25T09:39:27.213Z" hostname="DESKTOP-O923T9V" time="0.046">
  <properties/>
  <testcase name="getUserByEmail_WhenExists_ReturnsUser()" classname="com.eventflow.backend.service.UserServiceTest" time="0.041"/>
  <testcase name="saveUser_ReturnsSavedUser()" classname="com.eventflow.backend.service.UserServiceTest" time="0.001"/>
  <testcase name="getUserById_WhenExists_ReturnsUser()" classname="com.eventflow.backend.service.UserServiceTest" time="0.001"/>
  <testcase name="getUserById_WhenNotExists_ReturnsEmpty()" classname="com.eventflow.backend.service.UserServiceTest" time="0.001"/>
  <system-out><![CDATA[]]></system-out>
  <system-err><![CDATA[]]></system-err>
</testsuite>
