<?xml version="1.0" encoding="UTF-8"?>
<testsuite name="com.eventflow.backend.controller.VenueControllerTest" tests="5" skipped="0" failures="0" errors="0" timestamp="2026-03-25T09:39:26.984Z" hostname="DESKTOP-O923T9V" time="0.042">
  <properties/>
  <testcase name="deleteVenue_Returns204()" classname="com.eventflow.backend.controller.VenueControllerTest" time="0.008"/>
  <testcase name="createVenue_Returns200WithCreatedVenue()" classname="com.eventflow.backend.controller.VenueControllerTest" time="0.011"/>
  <testcase name="getVenueById_WhenExists_Returns200()" classname="com.eventflow.backend.controller.VenueControllerTest" time="0.006"/>
  <testcase name="getVenueById_WhenNotExists_Returns404()" classname="com.eventflow.backend.controller.VenueControllerTest" time="0.006"/>
  <testcase name="getAllVenues_Returns200WithList()" classname="com.eventflow.backend.controller.VenueControllerTest" time="0.007"/>
  <system-out><![CDATA[2026-03-25T10:39:26.732+01:00  INFO 23940 --- [    Test worker] t.c.s.AnnotationConfigContextLoaderUtils : Could not detect default configuration classes for test class [com.eventflow.backend.controller.VenueControllerTest]: VenueControllerTest does not declare any static, non-private, non-final, nested classes annotated with @Configuration.
2026-03-25T10:39:26.742+01:00  INFO 23940 --- [    Test worker] .b.t.c.SpringBootTestContextBootstrapper : Found @SpringBootConfiguration com.eventflow.backend.BackendApplication for test class com.eventflow.backend.controller.VenueControllerTest

  .   ____          _            __ _ _
 /\\ / ___'_ __ _ _(_)_ __  __ _ \ \ \ \
( ( )\___ | '_ | '_| | '_ \/ _` | \ \ \ \
 \\/  ___)| |_)| | | | | || (_| |  ) ) ) )
  '  |____| .__|_| |_|_| |_\__, | / / / /
 =========|_|==============|___/=/_/_/_/

 :: Spring Boot ::               (v3.5.11)

2026-03-25T10:39:26.765+01:00  INFO 23940 --- [    Test worker] c.e.b.controller.VenueControllerTest     : Starting VenueControllerTest using Java 18.0.2 with PID 23940 (started by prosh in C:\Users\prosh\eventflow-eindhoven\backend)
2026-03-25T10:39:26.766+01:00  INFO 23940 --- [    Test worker] c.e.b.controller.VenueControllerTest     : No active profile set, falling back to 1 default profile: "default"
2026-03-25T10:39:26.963+01:00  WARN 23940 --- [    Test worker] .s.s.UserDetailsServiceAutoConfiguration : 

Using generated security password: 0d99fc4c-22bf-4ff5-ad12-d2f3fd3b828c

This generated password is for development use only. Your security configuration must be updated before running your application in production.

2026-03-25T10:39:26.964+01:00  INFO 23940 --- [    Test worker] r$InitializeUserDetailsManagerConfigurer : Global AuthenticationManager configured with UserDetailsService bean with name inMemoryUserDetailsManager
2026-03-25T10:39:26.976+01:00  INFO 23940 --- [    Test worker] o.s.b.t.m.w.SpringBootMockServletContext : Initializing Spring TestDispatcherServlet ''
2026-03-25T10:39:26.976+01:00  INFO 23940 --- [    Test worker] o.s.t.web.servlet.TestDispatcherServlet  : Initializing Servlet ''
2026-03-25T10:39:26.977+01:00  INFO 23940 --- [    Test worker] o.s.t.web.servlet.TestDispatcherServlet  : Completed initialization in 1 ms
2026-03-25T10:39:26.983+01:00  INFO 23940 --- [    Test worker] c.e.b.controller.VenueControllerTest     : Started VenueControllerTest in 0.239 seconds (process running for 2.973)
]]></system-out>
  <system-err><![CDATA[]]></system-err>
</testsuite>
