<?xml version="1.0" encoding="UTF-8"?>
<testsuite name="com.eventflow.backend.controller.EventControllerTest" tests="5" skipped="0" failures="0" errors="0" timestamp="2026-03-25T23:15:01.478Z" hostname="DESKTOP-O923T9V" time="0.225">
  <properties/>
  <testcase name="getAllEvents_Returns200WithList()" classname="com.eventflow.backend.controller.EventControllerTest" time="0.157"/>
  <testcase name="deleteEvent_Returns204()" classname="com.eventflow.backend.controller.EventControllerTest" time="0.019"/>
  <testcase name="getEventById_WhenExists_Returns200()" classname="com.eventflow.backend.controller.EventControllerTest" time="0.008"/>
  <testcase name="getEventById_WhenNotExists_Returns404()" classname="com.eventflow.backend.controller.EventControllerTest" time="0.004"/>
  <testcase name="createEvent_Returns200WithCreatedEvent()" classname="com.eventflow.backend.controller.EventControllerTest" time="0.032"/>
  <system-out><![CDATA[00:14:59.052 [Test worker] INFO org.springframework.test.context.support.AnnotationConfigContextLoaderUtils -- Could not detect default configuration classes for test class [com.eventflow.backend.controller.EventControllerTest]: EventControllerTest does not declare any static, non-private, non-final, nested classes annotated with @Configuration.
00:14:59.181 [Test worker] INFO org.springframework.boot.test.context.SpringBootTestContextBootstrapper -- Found @SpringBootConfiguration com.eventflow.backend.BackendApplication for test class com.eventflow.backend.controller.EventControllerTest

  .   ____          _            __ _ _
 /\\ / ___'_ __ _ _(_)_ __  __ _ \ \ \ \
( ( )\___ | '_ | '_| | '_ \/ _` | \ \ \ \
 \\/  ___)| |_)| | | | | || (_| |  ) ) ) )
  '  |____| .__|_| |_|_| |_\__, | / / / /
 =========|_|==============|___/=/_/_/_/

 :: Spring Boot ::               (v3.5.11)

2026-03-26T00:14:59.554+01:00  INFO 21252 --- [    Test worker] c.e.b.controller.EventControllerTest     : Starting EventControllerTest using Java 18.0.2 with PID 21252 (started by prosh in C:\Users\prosh\eventflow-eindhoven\backend)
2026-03-26T00:14:59.555+01:00  INFO 21252 --- [    Test worker] c.e.b.controller.EventControllerTest     : No active profile set, falling back to 1 default profile: "default"
2026-03-26T00:15:01.308+01:00  WARN 21252 --- [    Test worker] .s.s.UserDetailsServiceAutoConfiguration : 

Using generated security password: 9baac40a-5f8b-425d-9113-845252b6e22a

This generated password is for development use only. Your security configuration must be updated before running your application in production.

2026-03-26T00:15:01.314+01:00  INFO 21252 --- [    Test worker] r$InitializeUserDetailsManagerConfigurer : Global AuthenticationManager configured with UserDetailsService bean with name inMemoryUserDetailsManager
2026-03-26T00:15:01.433+01:00  INFO 21252 --- [    Test worker] o.s.b.t.m.w.SpringBootMockServletContext : Initializing Spring TestDispatcherServlet ''
2026-03-26T00:15:01.433+01:00  INFO 21252 --- [    Test worker] o.s.t.web.servlet.TestDispatcherServlet  : Initializing Servlet ''
2026-03-26T00:15:01.434+01:00  INFO 21252 --- [    Test worker] o.s.t.web.servlet.TestDispatcherServlet  : Completed initialization in 1 ms
2026-03-26T00:15:01.470+01:00  INFO 21252 --- [    Test worker] c.e.b.controller.EventControllerTest     : Started EventControllerTest in 2.214 seconds (process running for 3.088)
]]></system-out>
  <system-err><![CDATA[]]></system-err>
</testsuite>
